<?xml version="1.0" encoding="UTF-8"?>
<!-- Generated by org.testng.reporters.JUnitXMLReporter -->
<testsuite hostname="SWAMY" ignored="1" name="TestPare" tests="5" failures="0" timestamp="01 Apr 2019 13:33:58 GMT" time="0.08" errors="0">
  <testcase name="print2" time="0.012" classname="Basics.Listenerexample1"/>
  <testcase name="Print1" time="0.004" classname="Basics.Listenerexample1"/>
  <testcase name="print3" time="0.004" classname="Basics.Listenerexample1"/>
  <testcase name="print3" time="0.0" classname="Basics.Listenerexample1"/>
  <testcase name="parameterizedMethod" time="0.004" classname="Basics.Listenerexample1"/>
  <testcase name="enablePrint" time="0.0" classname="Basics.Listenerexample1">
    <ignored/>
  </testcase> <!-- enablePrint -->
</testsuite> <!-- TestPare -->
