<?xml version="1.0" encoding="UTF-8"?>
<!-- Generated by org.testng.reporters.JUnitXMLReporter -->
<testsuite hostname="SWAMY" ignored="2" name="Test" tests="2" failures="0" timestamp="02 Apr 2019 13:31:54 GMT" time="21.936" errors="0">
  <testcase name="parametersTest" time="0.011" classname="datadrivenframework.PracticeScript2"/>
  <testcase name="print3" time="0.0" classname="datadrivenframework.PracticeScript2"/>
  <testcase name="print2" time="0.0" classname="datadrivenframework.PracticeScript2">
    <ignored/>
  </testcase> <!-- print2 -->
  <testcase name="print1" time="0.0" classname="datadrivenframework.PracticeScript2">
    <ignored/>
  </testcase> <!-- print1 -->
</testsuite> <!-- Test -->
