<?xml version="1.0" encoding="UTF-8"?>
<testng-results skipped="0" failed="1" ignored="1" total="6" passed="4">
  <reporter-output>
  </reporter-output>
  <suite name="Default suite" duration-ms="260" started-at="2019-04-25T12:23:23Z" finished-at="2019-04-25T12:23:23Z">
    <groups>
    </groups>
    <test name="Default test" duration-ms="260" started-at="2019-04-25T12:23:23Z" finished-at="2019-04-25T12:23:23Z">
      <class name="Basics.Listenerexample1">
        <test-method status="PASS" signature="print2()[pri:1, instance:Basics.Listenerexample1@536aaa8d]" name="print2" duration-ms="16" started-at="2019-04-25T12:23:23Z" finished-at="2019-04-25T12:23:23Z">
          <reporter-output>
          </reporter-output>
        </test-method> <!-- print2 -->
        <test-method status="PASS" signature="Print1()[pri:2, instance:Basics.Listenerexample1@536aaa8d]" name="Print1" duration-ms="2" started-at="2019-04-25T12:23:23Z" finished-at="2019-04-25T12:23:23Z">
          <reporter-output>
          </reporter-output>
        </test-method> <!-- Print1 -->
        <test-method status="PASS" signature="print3()[pri:3, instance:Basics.Listenerexample1@536aaa8d]" name="print3" duration-ms="2" started-at="2019-04-25T12:23:23Z" depends-on-methods="Basics.Listenerexample1.print2" finished-at="2019-04-25T12:23:23Z">
          <reporter-output>
          </reporter-output>
        </test-method> <!-- print3 -->
        <test-method status="PASS" signature="print3()[pri:3, instance:Basics.Listenerexample1@536aaa8d]" name="print3" duration-ms="2" started-at="2019-04-25T12:23:23Z" depends-on-methods="Basics.Listenerexample1.print2" finished-at="2019-04-25T12:23:23Z">
          <reporter-output>
          </reporter-output>
        </test-method> <!-- print3 -->
        <test-method status="FAIL" signature="parameterizedMethod(java.lang.String, java.lang.String)[pri:4, instance:Basics.Listenerexample1@536aaa8d]" name="parameterizedMethod" duration-ms="0" started-at="2019-04-25T12:23:23Z" finished-at="2019-04-25T12:23:23Z">
          <exception class="org.testng.TestNGException">
            <message>
              <![CDATA[
Parameter 'city' is required by @Test on method parameterizedMethod but has not been marked @Optional or defined
in C:\Users\admin\AppData\Local\Temp\testng-eclipse-1204816620\testng-customsuite.xml]]>
            </message>
            <full-stacktrace>
              <![CDATA[org.testng.TestNGException: 
Parameter 'city' is required by @Test on method parameterizedMethod but has not been marked @Optional or defined
in C:\Users\admin\AppData\Local\Temp\testng-eclipse-1204816620\testng-customsuite.xml
at org.testng.internal.Parameters.createParams(Parameters.java:290)
at org.testng.internal.Parameters.createParametersForMethod(Parameters.java:359)
at org.testng.internal.Parameters.createParameters(Parameters.java:620)
at org.testng.internal.Parameters.handleParameters(Parameters.java:769)
at org.testng.internal.ParameterHandler.handleParameters(ParameterHandler.java:49)
at org.testng.internal.ParameterHandler.createParameters(ParameterHandler.java:37)
at org.testng.internal.Invoker.invokeTestMethods(Invoker.java:923)
at org.testng.internal.TestMethodWorker.invokeTestMethods(TestMethodWorker.java:125)
at org.testng.internal.TestMethodWorker.run(TestMethodWorker.java:109)
at org.testng.TestRunner.privateRun(TestRunner.java:648)
at org.testng.TestRunner.run(TestRunner.java:505)
at org.testng.SuiteRunner.runTest(SuiteRunner.java:455)
at org.testng.SuiteRunner.runSequentially(SuiteRunner.java:450)
at org.testng.SuiteRunner.privateRun(SuiteRunner.java:415)
at org.testng.SuiteRunner.run(SuiteRunner.java:364)
at org.testng.SuiteRunnerWorker.runSuite(SuiteRunnerWorker.java:52)
at org.testng.SuiteRunnerWorker.run(SuiteRunnerWorker.java:84)
at org.testng.TestNG.runSuitesSequentially(TestNG.java:1208)
at org.testng.TestNG.runSuitesLocally(TestNG.java:1137)
at org.testng.TestNG.runSuites(TestNG.java:1049)
at org.testng.TestNG.run(TestNG.java:1017)
at org.testng.remote.AbstractRemoteTestNG.run(AbstractRemoteTestNG.java:114)
at org.testng.remote.RemoteTestNG.initAndRun(RemoteTestNG.java:251)
at org.testng.remote.RemoteTestNG.main(RemoteTestNG.java:77)
]]>
            </full-stacktrace>
          </exception> <!-- org.testng.TestNGException -->
          <reporter-output>
          </reporter-output>
        </test-method> <!-- parameterizedMethod -->
      </class> <!-- Basics.Listenerexample1 -->
    </test> <!-- Default test -->
  </suite> <!-- Default suite -->
</testng-results>
